<?xml version="1.0" encoding="UTF-8"?>
<!-- Generated by org.testng.reporters.JUnitXMLReporter -->
<testsuite hostname="Sangeetha" name="Test" tests="10" failures="0" timestamp="25 Apr 2018 18:38:03 GMT" time="46.166" errors="0">
  <testcase name="BingTest" time="9.308" classname="com.Testng.BingTestng"/>
  <testcase name="appLaunch" time="0.002" classname="com.Testng.multipleTestCasesTestng"/>
  <testcase name="appLogin" time="0.004" classname="com.Testng.multipleTestCasesTestng"/>
  <testcase name="appclose" time="0.002" classname="com.Testng.multipleTestCasesTestng"/>
  <testcase name="appLogin" time="3.844" classname="com.Testng.AmazontestLogin"/>
  <testcase name="sample" time="0.001" classname="com.Testng.FirstTestNg"/>
  <testcase name="appLogin" time="2.26" classname="com.Testng.OrangeTestLogin"/>
  <testcase name="testmethod" time="0.0" classname="com.Testng.AnnotionsTestng"/>
  <testcase name="testmethod1" time="0.002" classname="com.Testng.AnnotionsTestng"/>
  <testcase name="Radio" time="12.211" classname="com.Testng.RadioButtonsTest"/>
</testsuite> <!-- Test -->
