<?xml version="1.0" encoding="UTF-8"?>
<testng-results skipped="0" failed="0" total="1" passed="1">
  <reporter-output>
  </reporter-output>
  <suite name="Default suite" duration-ms="14504" started-at="2018-04-26T21:53:32Z" finished-at="2018-04-26T21:53:47Z">
    <groups>
    </groups>
    <test name="Default test" duration-ms="14504" started-at="2018-04-26T21:53:32Z" finished-at="2018-04-26T21:53:47Z">
      <class name="com.Testng.AdminLoginTestng">
        <test-method status="PASS" signature="AdminLoginTestng()[pri:0, instance:com.Testng.AdminLoginTestng@56f4468b]" name="AdminLoginTestng" duration-ms="14482" started-at="2018-04-26T14:53:32Z" finished-at="2018-04-26T14:53:47Z">
          <reporter-output>
          </reporter-output>
        </test-method> <!-- AdminLoginTestng -->
      </class> <!-- com.Testng.AdminLoginTestng -->
    </test> <!-- Default test -->
  </suite> <!-- Default suite -->
</testng-results>
